{"ThreadStart":{"name":"Control","id":0,"ts":0}}
{"AsyncStart":{"name":"Scheduler","parent_id":0,"id":1,"ts":0.1}}
{"AsyncStart":{"name":"Downloader","parent_id":0,"id":2,"ts":0.2}}
{"AsyncStart":{"name":"PreLocal","parent_id":0,"id":3,"ts":265}}
{"AsyncStart":{"name":"DownloadBlock","parent_id":2,"id":4,"ts":300}}
{"Wakeup":{"id":100,"waking_span":3,"parked_span":4,"ts":310}}
{"AsyncOnCPU":{"id":4,"ts":320}}
{"AsyncOffCPU":{"id":4,"ts":330}}
{"AsyncEnd":{"id":3,"ts":420,"outcome":"Success"}}
{"AsyncEnd":{"id":4,"ts":530,"outcome":"Success"}}
{"AsyncStart":{"name":"DownloadBlock","parent_id":2,"id":5,"ts":550}}
{"AsyncStart":{"name":"RemoteAdd(/foo)","parent_id":1,"id":6,"ts":580}}
{"Wakeup":{"id":101,"waking_span":3,"parked_span":6,"ts":330}}
{"AsyncOnCPU":{"id":6,"ts":600}}
{"AsyncOffCPU":{"id":6,"ts":605}}
{"AsyncEnd":{"id":6,"ts":615,"outcome":"Success"}}
{"AsyncStart":{"name":"RemoteAdd(/bar)","parent_id":1,"id":7,"ts":620}}
{"AsyncEnd":{"id":5,"ts":700,"outcome":"Success"}}
{"AsyncStart":{"name":"DownloadBlock","parent_id":2,"id":8,"ts":710}}
{"AsyncEnd":{"id":8,"ts":790,"outcome":"Success"}}
{"AsyncStart":{"name":"DownloadBlock","parent_id":2,"id":9,"ts":800}}
{"AsyncEnd":{"id":7,"ts":900,"outcome":"Success"}}
{"AsyncStart":{"name":"RemoteAdd(/baz)","parent_id":1,"id":10,"ts":960}}
{"AsyncEnd":{"id":9,"ts":1180,"outcome":"Success"}}
{"AsyncEnd":{"id":10,"ts":1265,"outcome":"Success"}}
{"AsyncStart":{"name":"RemoteAdd(/bang)","parent_id":1,"id":11,"ts":1270}}
{"AsyncStart":{"name":"DownloadBlock","parent_id":2,"id":12,"ts":1270}}
{"AsyncEnd":{"id":11,"ts":1360,"outcome":"Success"}}
{"AsyncEnd":{"id":12,"ts":1365,"outcome":"Success"}}
{"AsyncStart":{"name":"DownloadBlock","parent_id":2,"id":13,"ts":1365}}
{"AsyncStart":{"name":"DownloadBlock","parent_id":2,"id":14,"ts":1370}}
{"AsyncEnd":{"id":14,"ts":1700,"outcome":"Success"}}
{"AsyncEnd":{"id":13,"ts":1800,"outcome":"Success"}}
{"AsyncEnd":{"id":1,"ts":2000,"outcome":"Success"}}
{"AsyncEnd":{"id":2,"ts":2000,"outcome":"Success"}}
{"ThreadEnd":{"id":0,"ts":2000}}"