{"ThreadStart":{"name":"Control","id":10147541144189967757,"ts":{"secs":0,"nanos":240534}}}
{"ThreadStart":{"name":"CPU 1","id":11955987223281671509,"ts":{"secs":0,"nanos":881882}}}
{"ThreadStart":{"name":"CPU 2","id":288456693861981510,"ts":{"secs":0,"nanos":1145005}}}
{"ThreadStart":{"name":"CPU 0","id":12907305454050965227,"ts":{"secs":0,"nanos":1335730}}}
{"ThreadStart":{"name":"CPU 3","id":5710206713448568794,"ts":{"secs":0,"nanos":1557137}}}
{"ThreadStart":{"name":"FS Worker","id":7772343853498352418,"ts":{"secs":0,"nanos":2506151}}}
{"SyncStart":{"name":"mkdir","id":12260879798984677213,"parent_id":7772343853498352418,"ts":{"secs":0,"nanos":2533405},"metadata":null}}
{"SyncEnd":{"id":12260879798984677213,"ts":{"secs":0,"nanos":2788329}}}
{"SyncStart":{"name":"mkdir","id":9589633443171937815,"parent_id":7772343853498352418,"ts":{"secs":0,"nanos":3463694},"metadata":null}}
{"SyncEnd":{"id":9589633443171937815,"ts":{"secs":0,"nanos":3643769}}}
{"SyncStart":{"name":"mkdir","id":9614356680859082962,"parent_id":7772343853498352418,"ts":{"secs":0,"nanos":3684839},"metadata":null}}
{"SyncEnd":{"id":9614356680859082962,"ts":{"secs":0,"nanos":3854226}}}
{"SyncStart":{"name":"mkdir","id":3484773648193575770,"parent_id":7772343853498352418,"ts":{"secs":0,"nanos":3905557},"metadata":null}}
{"SyncEnd":{"id":3484773648193575770,"ts":{"secs":0,"nanos":4086843}}}
{"AsyncStart":{"name":"resync_hash_and_list","id":429955851319062235,"parent_id":10147541144189967757,"ts":{"secs":0,"nanos":34517706},"metadata":null}}
{"AsyncOnCPU":{"id":429955851319062235,"ts":{"secs":0,"nanos":34525246}}}
{"SyncStart":{"name":"open_walk","id":12199793565258357039,"parent_id":7772343853498352418,"ts":{"secs":0,"nanos":36467386},"metadata":null}}
{"Wakeup":{"waking_span":429955851319062235,"parked_span":429955851319062235,"ts":{"secs":0,"nanos":36513192}}}
{"SyncEnd":{"id":12199793565258357039,"ts":{"secs":0,"nanos":36595846}}}
{"AsyncOffCPU":{"id":429955851319062235,"ts":{"secs":0,"nanos":36956844}}}
{"AsyncOnCPU":{"id":429955851319062235,"ts":{"secs":0,"nanos":37020914}}}
{"SyncStart":{"name":"open_walk","id":18246316764692033698,"parent_id":7772343853498352418,"ts":{"secs":0,"nanos":37046624},"metadata":null}}
{"AsyncOffCPU":{"id":429955851319062235,"ts":{"secs":0,"nanos":37136569}}}
{"AsyncOnCPU":{"id":429955851319062235,"ts":{"secs":0,"nanos":37152640}}}
{"Wakeup":{"waking_span":18246316764692033698,"parked_span":429955851319062235,"ts":{"secs":0,"nanos":37160103}}}
{"SyncEnd":{"id":18246316764692033698,"ts":{"secs":0,"nanos":37174200}}}
{"SyncStart":{"name":"listdir","id":16662555432835226644,"parent_id":7772343853498352418,"ts":{"secs":0,"nanos":37184107},"metadata":null}}
{"AsyncOffCPU":{"id":429955851319062235,"ts":{"secs":0,"nanos":37232299}}}
{"AsyncOnCPU":{"id":429955851319062235,"ts":{"secs":0,"nanos":37243029}}}
{"AsyncOffCPU":{"id":429955851319062235,"ts":{"secs":0,"nanos":37255780}}}
{"AsyncOnCPU":{"id":429955851319062235,"ts":{"secs":0,"nanos":37259767}}}
{"AsyncOffCPU":{"id":429955851319062235,"ts":{"secs":0,"nanos":37268972}}}
{"Wakeup":{"waking_span":16662555432835226644,"parked_span":429955851319062235,"ts":{"secs":0,"nanos":37507339}}}
{"SyncEnd":{"id":16662555432835226644,"ts":{"secs":0,"nanos":37518357}}}
{"SyncStart":{"name":"read_fileid","id":12875332293429914141,"parent_id":7772343853498352418,"ts":{"secs":0,"nanos":37532100},"metadata":null}}
{"Wakeup":{"waking_span":12875332293429914141,"parked_span":429955851319062235,"ts":{"secs":0,"nanos":37576603}}}
{"SyncEnd":{"id":12875332293429914141,"ts":{"secs":0,"nanos":37587389}}}
{"AsyncOnCPU":{"id":429955851319062235,"ts":{"secs":0,"nanos":37601233}}}
{"AsyncOffCPU":{"id":429955851319062235,"ts":{"secs":0,"nanos":38151420}}}
{"AsyncOnCPU":{"id":429955851319062235,"ts":{"secs":0,"nanos":38160360}}}
{"AsyncOffCPU":{"id":429955851319062235,"ts":{"secs":0,"nanos":38226364}}}
{"SyncStart":{"name":"open_walk","id":13826920177405126861,"parent_id":7772343853498352418,"ts":{"secs":0,"nanos":38245860},"metadata":null}}
{"Wakeup":{"waking_span":13826920177405126861,"parked_span":429955851319062235,"ts":{"secs":0,"nanos":38333186}}}
{"SyncEnd":{"id":13826920177405126861,"ts":{"secs":0,"nanos":38351207}}}
{"AsyncOnCPU":{"id":429955851319062235,"ts":{"secs":0,"nanos":38366276}}}
{"SyncStart":{"name":"write_fileid","id":8666116054936373974,"parent_id":7772343853498352418,"ts":{"secs":0,"nanos":38468214},"metadata":null}}
{"AsyncOffCPU":{"id":429955851319062235,"ts":{"secs":0,"nanos":38476943}}}
{"AsyncOnCPU":{"id":429955851319062235,"ts":{"secs":0,"nanos":38484064}}}
{"AsyncOffCPU":{"id":429955851319062235,"ts":{"secs":0,"nanos":38503986}}}
{"Wakeup":{"waking_span":8666116054936373974,"parked_span":429955851319062235,"ts":{"secs":0,"nanos":61178081}}}
{"AsyncOnCPU":{"id":429955851319062235,"ts":{"secs":0,"nanos":61207951}}}
{"SyncEnd":{"id":8666116054936373974,"ts":{"secs":0,"nanos":61214084}}}
{"Wakeup":{"waking_span":429955851319062235,"parked_span":429955851319062235,"ts":{"secs":0,"nanos":61400972}}}
{"SyncStart":{"name":"open_walk","id":3568704749103660181,"parent_id":7772343853498352418,"ts":{"secs":0,"nanos":61405072},"metadata":null}}
{"AsyncOffCPU":{"id":429955851319062235,"ts":{"secs":0,"nanos":61420524}}}
{"AsyncOnCPU":{"id":429955851319062235,"ts":{"secs":0,"nanos":61429118}}}
{"AsyncOffCPU":{"id":429955851319062235,"ts":{"secs":0,"nanos":61447663}}}
{"AsyncOnCPU":{"id":429955851319062235,"ts":{"secs":0,"nanos":61451704}}}
{"AsyncOffCPU":{"id":429955851319062235,"ts":{"secs":0,"nanos":61461302}}}
{"Wakeup":{"waking_span":3568704749103660181,"parked_span":429955851319062235,"ts":{"secs":0,"nanos":61507271}}}
{"SyncEnd":{"id":3568704749103660181,"ts":{"secs":0,"nanos":61515607}}}
{"AsyncOnCPU":{"id":429955851319062235,"ts":{"secs":0,"nanos":61519725}}}
{"SyncStart":{"name":"read_fileid","id":10416653233734156370,"parent_id":7772343853498352418,"ts":{"secs":0,"nanos":61547772},"metadata":null}}
{"AsyncOffCPU":{"id":429955851319062235,"ts":{"secs":0,"nanos":61548441}}}
{"AsyncOnCPU":{"id":429955851319062235,"ts":{"secs":0,"nanos":61569745}}}
{"Wakeup":{"waking_span":10416653233734156370,"parked_span":429955851319062235,"ts":{"secs":0,"nanos":61574701}}}
{"SyncEnd":{"id":10416653233734156370,"ts":{"secs":0,"nanos":61578908}}}
{"SyncStart":{"name":"path_by_inode","id":4042009300736086289,"parent_id":7772343853498352418,"ts":{"secs":0,"nanos":81136637},"metadata":null}}
{"Wakeup":{"waking_span":429955851319062235,"parked_span":429955851319062235,"ts":{"secs":0,"nanos":81143532}}}
{"SyncEnd":{"id":4042009300736086289,"ts":{"secs":0,"nanos":81156299}}}
{"AsyncOffCPU":{"id":429955851319062235,"ts":{"secs":0,"nanos":81195922}}}
{"AsyncOnCPU":{"id":429955851319062235,"ts":{"secs":0,"nanos":81210763}}}
{"Wakeup":{"waking_span":429955851319062235,"parked_span":429955851319062235,"ts":{"secs":0,"nanos":81808581}}}
{"Wakeup":{"waking_span":429955851319062235,"parked_span":429955851319062235,"ts":{"secs":0,"nanos":82103783}}}
{"Wakeup":{"waking_span":429955851319062235,"parked_span":429955851319062235,"ts":{"secs":0,"nanos":82119282}}}
{"Wakeup":{"waking_span":429955851319062235,"parked_span":429955851319062235,"ts":{"secs":0,"nanos":82159533}}}
{"SyncStart":{"name":"open_walk","id":10437805230590470161,"parent_id":7772343853498352418,"ts":{"secs":0,"nanos":82167810},"metadata":null}}
{"AsyncOffCPU":{"id":429955851319062235,"ts":{"secs":0,"nanos":82173918}}}
{"AsyncOnCPU":{"id":429955851319062235,"ts":{"secs":0,"nanos":82187601}}}
{"AsyncOffCPU":{"id":429955851319062235,"ts":{"secs":0,"nanos":82203889}}}
{"AsyncOnCPU":{"id":429955851319062235,"ts":{"secs":0,"nanos":82207527}}}
{"AsyncOffCPU":{"id":429955851319062235,"ts":{"secs":0,"nanos":82214843}}}
{"Wakeup":{"waking_span":10437805230590470161,"parked_span":429955851319062235,"ts":{"secs":0,"nanos":82276363}}}
{"SyncEnd":{"id":10437805230590470161,"ts":{"secs":0,"nanos":82285167}}}
{"AsyncOnCPU":{"id":429955851319062235,"ts":{"secs":0,"nanos":82289111}}}
{"AsyncOffCPU":{"id":429955851319062235,"ts":{"secs":0,"nanos":82316187}}}
{"SyncStart":{"name":"listdir","id":11548361308136356136,"parent_id":7772343853498352418,"ts":{"secs":0,"nanos":82319978},"metadata":null}}
{"AsyncOnCPU":{"id":429955851319062235,"ts":{"secs":0,"nanos":82321452}}}
{"AsyncOffCPU":{"id":429955851319062235,"ts":{"secs":0,"nanos":83588655}}}
{"Wakeup":{"waking_span":11548361308136356136,"parked_span":429955851319062235,"ts":{"secs":0,"nanos":83733050}}}
{"SyncEnd":{"id":11548361308136356136,"ts":{"secs":0,"nanos":83741897}}}
{"AsyncOnCPU":{"id":429955851319062235,"ts":{"secs":0,"nanos":83745961}}}
{"Wakeup":{"waking_span":429955851319062235,"parked_span":429955851319062235,"ts":{"secs":0,"nanos":83903418}}}
{"Wakeup":{"waking_span":429955851319062235,"parked_span":429955851319062235,"ts":{"secs":0,"nanos":83917771}}}
{"Wakeup":{"waking_span":429955851319062235,"parked_span":429955851319062235,"ts":{"secs":0,"nanos":83943313}}}
{"Wakeup":{"waking_span":429955851319062235,"parked_span":429955851319062235,"ts":{"secs":0,"nanos":83947071}}}
{"Wakeup":{"waking_span":429955851319062235,"parked_span":429955851319062235,"ts":{"secs":0,"nanos":83955470}}}
{"AsyncOffCPU":{"id":429955851319062235,"ts":{"secs":0,"nanos":83965118}}}
{"AsyncEnd":{"id":429955851319062235,"ts":{"secs":0,"nanos":83967352},"outcome":"Success"}}
{"AsyncStart":{"name":"run_resync_reassociate","id":16177460016198140243,"parent_id":10147541144189967757,"ts":{"secs":0,"nanos":84127741},"metadata":null}}
{"AsyncOnCPU":{"id":16177460016198140243,"ts":{"secs":0,"nanos":84134951}}}
{"AsyncOffCPU":{"id":16177460016198140243,"ts":{"secs":0,"nanos":84187698}}}
{"AsyncEnd":{"id":16177460016198140243,"ts":{"secs":0,"nanos":84190440},"outcome":"Success"}}
{"AsyncStart":{"name":"run_incremental_sync","id":2410567481692644228,"parent_id":10147541144189967757,"ts":{"secs":0,"nanos":84346729},"metadata":null}}
{"AsyncOnCPU":{"id":2410567481692644228,"ts":{"secs":0,"nanos":84351852}}}
{"AsyncStart":{"name":"ProtocolWorker","id":16002497909182014378,"parent_id":2410567481692644228,"ts":{"secs":0,"nanos":84660362},"metadata":null}}
{"AsyncOnCPU":{"id":16002497909182014378,"ts":{"secs":0,"nanos":84665843}}}
{"AsyncOffCPU":{"id":16002497909182014378,"ts":{"secs":0,"nanos":84794659}}}
{"AsyncStart":{"name":"PreLocal","id":9186968431073037645,"parent_id":2410567481692644228,"ts":{"secs":0,"nanos":84801954},"metadata":null}}
{"AsyncOnCPU":{"id":9186968431073037645,"ts":{"secs":0,"nanos":84805712}}}
{"SyncStart":{"name":"open_walk","id":2243413075306456166,"parent_id":7772343853498352418,"ts":{"secs":0,"nanos":84865262},"metadata":null}}
{"Wakeup":{"waking_span":9186968431073037645,"parked_span":9186968431073037645,"ts":{"secs":0,"nanos":84865518}}}
{"SyncEnd":{"id":2243413075306456166,"ts":{"secs":0,"nanos":84978694}}}
{"SyncStart":{"name":"open_walk","id":5308997405015410485,"parent_id":7772343853498352418,"ts":{"secs":0,"nanos":85028691},"metadata":null}}
{"AsyncOffCPU":{"id":9186968431073037645,"ts":{"secs":0,"nanos":85041741}}}
{"AsyncStart":{"name":"DownloadWorker","id":15426540211228822218,"parent_id":2410567481692644228,"ts":{"secs":0,"nanos":85055581},"metadata":null}}
{"AsyncOnCPU":{"id":15426540211228822218,"ts":{"secs":0,"nanos":85062509}}}
{"AsyncOffCPU":{"id":15426540211228822218,"ts":{"secs":0,"nanos":85084974}}}
{"AsyncStart":{"name":"UploadWorker","id":975417436840538202,"parent_id":2410567481692644228,"ts":{"secs":0,"nanos":85090972},"metadata":null}}
{"AsyncOnCPU":{"id":975417436840538202,"ts":{"secs":0,"nanos":85094637}}}
{"Wakeup":{"waking_span":5308997405015410485,"parked_span":9186968431073037645,"ts":{"secs":0,"nanos":85096721}}}
{"SyncEnd":{"id":5308997405015410485,"ts":{"secs":0,"nanos":85101153}}}
{"AsyncOffCPU":{"id":975417436840538202,"ts":{"secs":0,"nanos":85109255}}}
{"AsyncStart":{"name":"Scheduler","id":16889771464505526041,"parent_id":2410567481692644228,"ts":{"secs":0,"nanos":85115229},"metadata":null}}
{"AsyncOnCPU":{"id":16889771464505526041,"ts":{"secs":0,"nanos":85121768}}}
{"SyncStart":{"name":"replan","id":12887421187486956519,"parent_id":16889771464505526041,"ts":{"secs":0,"nanos":85129062},"metadata":null}}
{"SyncEnd":{"id":12887421187486956519,"ts":{"secs":0,"nanos":85816364}}}
{"SyncStart":{"name":"sparsefile","id":6774013845596536416,"parent_id":7772343853498352418,"ts":{"secs":0,"nanos":86020204},"metadata":null}}
{"Wakeup":{"waking_span":16889771464505526041,"parked_span":16889771464505526041,"ts":{"secs":0,"nanos":86111969}}}
{"AsyncOffCPU":{"id":16889771464505526041,"ts":{"secs":0,"nanos":86130023}}}
{"AsyncOffCPU":{"id":2410567481692644228,"ts":{"secs":0,"nanos":86142847}}}
{"AsyncOnCPU":{"id":2410567481692644228,"ts":{"secs":0,"nanos":86159707}}}
{"AsyncOnCPU":{"id":16002497909182014378,"ts":{"secs":0,"nanos":86167022}}}
{"AsyncOffCPU":{"id":16002497909182014378,"ts":{"secs":0,"nanos":86175300}}}
{"AsyncOnCPU":{"id":9186968431073037645,"ts":{"secs":0,"nanos":86178000}}}
{"AsyncOffCPU":{"id":9186968431073037645,"ts":{"secs":0,"nanos":86223185}}}
{"AsyncOnCPU":{"id":15426540211228822218,"ts":{"secs":0,"nanos":86228385}}}
{"AsyncOffCPU":{"id":15426540211228822218,"ts":{"secs":0,"nanos":86237179}}}
{"AsyncOnCPU":{"id":975417436840538202,"ts":{"secs":0,"nanos":86239512}}}
{"AsyncOffCPU":{"id":975417436840538202,"ts":{"secs":0,"nanos":86245762}}}
{"AsyncOnCPU":{"id":16889771464505526041,"ts":{"secs":0,"nanos":86248225}}}
{"SyncStart":{"name":"replan","id":17073963820306676481,"parent_id":16889771464505526041,"ts":{"secs":0,"nanos":86251699},"metadata":null}}
{"SyncEnd":{"id":17073963820306676481,"ts":{"secs":0,"nanos":86255249}}}
{"AsyncStart":{"name":"RemoteAdd(RemoteAddOperation { dir_fileid: FileId(Root), filename: NFCString(\"mGIUpzwuVAcFbLVppf7h\"), fileid: FileId(wdFsaHs3QYbN4f6sMZ27sA), metadata: File { content_hash: ContentHash(o3vZBTq9y4dffJLFZkRtcQ), xattr_hash: AttrListHash(VYdEEKpzR_ccFSC4A2p6Rw), size: 0, unreconstructable: false }, inherited: RemoteInheritedData { visibility: Visible, permissions: NodePermissions { mode: ReadWrite } }, conflict: None })","id":2280885594292079009,"parent_id":16889771464505526041,"ts":{"secs":0,"nanos":86263103},"metadata":null}}
{"AsyncOnCPU":{"id":2280885594292079009,"ts":{"secs":0,"nanos":86266925}}}
{"AsyncStart":{"name":"create_file","id":2143433075510897119,"parent_id":2280885594292079009,"ts":{"secs":0,"nanos":86314023},"metadata":null}}
{"AsyncOnCPU":{"id":2143433075510897119,"ts":{"secs":0,"nanos":86316733}}}
{"AsyncOffCPU":{"id":2143433075510897119,"ts":{"secs":0,"nanos":86323583}}}
{"AsyncOffCPU":{"id":2280885594292079009,"ts":{"secs":0,"nanos":86344608}}}
{"AsyncOffCPU":{"id":16889771464505526041,"ts":{"secs":0,"nanos":86349967}}}
{"AsyncOffCPU":{"id":2410567481692644228,"ts":{"secs":0,"nanos":86352547}}}
{"AsyncOnCPU":{"id":2410567481692644228,"ts":{"secs":0,"nanos":86356885}}}
{"AsyncOnCPU":{"id":16002497909182014378,"ts":{"secs":0,"nanos":86360321}}}
{"AsyncOffCPU":{"id":16002497909182014378,"ts":{"secs":0,"nanos":86364359}}}
{"AsyncOnCPU":{"id":9186968431073037645,"ts":{"secs":0,"nanos":86366122}}}
{"AsyncOffCPU":{"id":9186968431073037645,"ts":{"secs":0,"nanos":86373071}}}
{"AsyncOnCPU":{"id":15426540211228822218,"ts":{"secs":0,"nanos":86375442}}}
{"AsyncOffCPU":{"id":15426540211228822218,"ts":{"secs":0,"nanos":86379052}}}
{"AsyncOnCPU":{"id":975417436840538202,"ts":{"secs":0,"nanos":86380489}}}
{"AsyncOffCPU":{"id":975417436840538202,"ts":{"secs":0,"nanos":86383433}}}
{"AsyncOnCPU":{"id":16889771464505526041,"ts":{"secs":0,"nanos":86396599}}}
{"SyncStart":{"name":"replan","id":14507018557566030831,"parent_id":16889771464505526041,"ts":{"secs":0,"nanos":86400945},"metadata":null}}
{"SyncEnd":{"id":14507018557566030831,"ts":{"secs":0,"nanos":86405129}}}
{"AsyncOffCPU":{"id":16889771464505526041,"ts":{"secs":0,"nanos":86412158}}}
{"AsyncOffCPU":{"id":2410567481692644228,"ts":{"secs":0,"nanos":86415291}}}
{"Wakeup":{"waking_span":6774013845596536416,"parked_span":2143433075510897119,"ts":{"secs":0,"nanos":86443109}}}
{"SyncEnd":{"id":6774013845596536416,"ts":{"secs":0,"nanos":86457578}}}
{"SyncStart":{"name":"listdir","id":8887188974867082428,"parent_id":7772343853498352418,"ts":{"secs":0,"nanos":86464324},"metadata":null}}
{"AsyncOnCPU":{"id":2410567481692644228,"ts":{"secs":0,"nanos":86476453}}}
{"AsyncOnCPU":{"id":16002497909182014378,"ts":{"secs":0,"nanos":86483257}}}
{"AsyncOffCPU":{"id":16002497909182014378,"ts":{"secs":0,"nanos":86487814}}}
{"AsyncOnCPU":{"id":9186968431073037645,"ts":{"secs":0,"nanos":86524654}}}
{"AsyncOffCPU":{"id":9186968431073037645,"ts":{"secs":0,"nanos":86539123}}}
{"AsyncOnCPU":{"id":15426540211228822218,"ts":{"secs":0,"nanos":86543048}}}
{"AsyncOffCPU":{"id":15426540211228822218,"ts":{"secs":0,"nanos":86549032}}}
{"AsyncOnCPU":{"id":975417436840538202,"ts":{"secs":0,"nanos":86550900}}}
{"AsyncOffCPU":{"id":975417436840538202,"ts":{"secs":0,"nanos":86555199}}}
{"AsyncOnCPU":{"id":16889771464505526041,"ts":{"secs":0,"nanos":86557139}}}
{"SyncStart":{"name":"replan","id":11721538848524369649,"parent_id":16889771464505526041,"ts":{"secs":0,"nanos":86560459},"metadata":null}}
{"SyncEnd":{"id":11721538848524369649,"ts":{"secs":0,"nanos":86564795}}}
{"AsyncOnCPU":{"id":2280885594292079009,"ts":{"secs":0,"nanos":86568877}}}
{"AsyncOnCPU":{"id":2143433075510897119,"ts":{"secs":0,"nanos":86572993}}}
{"AsyncOffCPU":{"id":2143433075510897119,"ts":{"secs":0,"nanos":86579414}}}
{"AsyncEnd":{"id":2143433075510897119,"ts":{"secs":0,"nanos":86581491},"outcome":"Success"}}
{"Wakeup":{"waking_span":8887188974867082428,"parked_span":9186968431073037645,"ts":{"secs":0,"nanos":86589264}}}
{"SyncEnd":{"id":8887188974867082428,"ts":{"secs":0,"nanos":86593813}}}
{"SyncStart":{"name":"read_fileid","id":9892508788807665541,"parent_id":7772343853498352418,"ts":{"secs":0,"nanos":86600444},"metadata":null}}
{"Wakeup":{"waking_span":9892508788807665541,"parked_span":9186968431073037645,"ts":{"secs":0,"nanos":86618183}}}
{"SyncEnd":{"id":9892508788807665541,"ts":{"secs":0,"nanos":86620724}}}
{"Wakeup":{"waking_span":2280885594292079009,"parked_span":15426540211228822218,"ts":{"secs":0,"nanos":86641412}}}
{"AsyncStart":{"name":"download_file","id":2599108911880423241,"parent_id":2280885594292079009,"ts":{"secs":0,"nanos":86659678},"metadata":null}}
{"AsyncOnCPU":{"id":2599108911880423241,"ts":{"secs":0,"nanos":86662050}}}
{"AsyncOffCPU":{"id":2599108911880423241,"ts":{"secs":0,"nanos":86679221}}}
{"AsyncOffCPU":{"id":2280885594292079009,"ts":{"secs":0,"nanos":86682491}}}
{"AsyncOffCPU":{"id":16889771464505526041,"ts":{"secs":0,"nanos":86687890}}}
{"AsyncOffCPU":{"id":2410567481692644228,"ts":{"secs":0,"nanos":86690258}}}
{"AsyncOnCPU":{"id":2410567481692644228,"ts":{"secs":0,"nanos":86694202}}}
{"AsyncOnCPU":{"id":16002497909182014378,"ts":{"secs":0,"nanos":86697339}}}
{"AsyncOffCPU":{"id":16002497909182014378,"ts":{"secs":0,"nanos":86707220}}}
{"AsyncOnCPU":{"id":9186968431073037645,"ts":{"secs":0,"nanos":86708849}}}
{"Wakeup":{"waking_span":9186968431073037645,"parked_span":16889771464505526041,"ts":{"secs":0,"nanos":87102223}}}
{"Wakeup":{"waking_span":9186968431073037645,"parked_span":9186968431073037645,"ts":{"secs":0,"nanos":87199505}}}
{"Wakeup":{"waking_span":9186968431073037645,"parked_span":9186968431073037645,"ts":{"secs":0,"nanos":87327708}}}
{"Wakeup":{"waking_span":9186968431073037645,"parked_span":9186968431073037645,"ts":{"secs":0,"nanos":87338661}}}
{"Wakeup":{"waking_span":9186968431073037645,"parked_span":9186968431073037645,"ts":{"secs":0,"nanos":87377632}}}
{"AsyncOffCPU":{"id":9186968431073037645,"ts":{"secs":0,"nanos":87389564}}}
{"SyncStart":{"name":"open_walk","id":7822281173864528592,"parent_id":7772343853498352418,"ts":{"secs":0,"nanos":87392539},"metadata":null}}
{"AsyncOnCPU":{"id":15426540211228822218,"ts":{"secs":0,"nanos":87394499}}}
{"Wakeup":{"waking_span":15426540211228822218,"parked_span":15426540211228822218,"ts":{"secs":0,"nanos":87455122}}}
{"SyncEnd":{"id":7822281173864528592,"ts":{"secs":0,"nanos":87502679}}}
{"SyncStart":{"name":"fsync","id":2960392303919370332,"parent_id":7772343853498352418,"ts":{"secs":0,"nanos":87515912},"metadata":null}}
{"AsyncOffCPU":{"id":15426540211228822218,"ts":{"secs":0,"nanos":87527441}}}
{"AsyncOnCPU":{"id":975417436840538202,"ts":{"secs":0,"nanos":87530840}}}
{"AsyncOffCPU":{"id":975417436840538202,"ts":{"secs":0,"nanos":87537070}}}
{"AsyncOnCPU":{"id":16889771464505526041,"ts":{"secs":0,"nanos":87539721}}}
{"SyncStart":{"name":"replan","id":280013100116658917,"parent_id":16889771464505526041,"ts":{"secs":0,"nanos":87543471},"metadata":null}}
{"SyncEnd":{"id":280013100116658917,"ts":{"secs":0,"nanos":87909807}}}
{"AsyncOffCPU":{"id":16889771464505526041,"ts":{"secs":0,"nanos":87920702}}}
{"AsyncOffCPU":{"id":2410567481692644228,"ts":{"secs":0,"nanos":87925058}}}
{"AsyncOnCPU":{"id":2410567481692644228,"ts":{"secs":0,"nanos":87938518}}}
{"AsyncOnCPU":{"id":16002497909182014378,"ts":{"secs":0,"nanos":87944613}}}
{"AsyncOffCPU":{"id":16002497909182014378,"ts":{"secs":0,"nanos":87951483}}}
{"AsyncOnCPU":{"id":9186968431073037645,"ts":{"secs":0,"nanos":87954121}}}
{"AsyncOffCPU":{"id":9186968431073037645,"ts":{"secs":0,"nanos":87977679}}}
{"AsyncOnCPU":{"id":15426540211228822218,"ts":{"secs":0,"nanos":87981872}}}
{"AsyncOffCPU":{"id":15426540211228822218,"ts":{"secs":0,"nanos":87988009}}}
{"AsyncOnCPU":{"id":975417436840538202,"ts":{"secs":0,"nanos":87990141}}}
{"AsyncOffCPU":{"id":975417436840538202,"ts":{"secs":0,"nanos":87994860}}}
{"AsyncOnCPU":{"id":16889771464505526041,"ts":{"secs":0,"nanos":87997018}}}
{"SyncStart":{"name":"replan","id":2949679161607668681,"parent_id":16889771464505526041,"ts":{"secs":0,"nanos":88000365},"metadata":null}}
{"SyncEnd":{"id":2949679161607668681,"ts":{"secs":0,"nanos":88004631}}}
{"AsyncOffCPU":{"id":16889771464505526041,"ts":{"secs":0,"nanos":88010433}}}
{"AsyncOffCPU":{"id":2410567481692644228,"ts":{"secs":0,"nanos":88013360}}}
{"AsyncOnCPU":{"id":2410567481692644228,"ts":{"secs":0,"nanos":88018253}}}
{"AsyncOnCPU":{"id":16002497909182014378,"ts":{"secs":0,"nanos":88023027}}}
{"AsyncOffCPU":{"id":16002497909182014378,"ts":{"secs":0,"nanos":88027532}}}
{"AsyncOnCPU":{"id":9186968431073037645,"ts":{"secs":0,"nanos":88029747}}}
{"AsyncOffCPU":{"id":9186968431073037645,"ts":{"secs":0,"nanos":88037291}}}
{"AsyncOnCPU":{"id":15426540211228822218,"ts":{"secs":0,"nanos":88040452}}}
{"AsyncOffCPU":{"id":15426540211228822218,"ts":{"secs":0,"nanos":88045368}}}
{"AsyncOnCPU":{"id":975417436840538202,"ts":{"secs":0,"nanos":88047533}}}
{"AsyncOffCPU":{"id":975417436840538202,"ts":{"secs":0,"nanos":88051523}}}
{"AsyncOnCPU":{"id":16889771464505526041,"ts":{"secs":0,"nanos":88053584}}}
{"SyncStart":{"name":"replan","id":863839170790466797,"parent_id":16889771464505526041,"ts":{"secs":0,"nanos":88056402},"metadata":null}}
{"SyncEnd":{"id":863839170790466797,"ts":{"secs":0,"nanos":88059933}}}
{"AsyncOffCPU":{"id":16889771464505526041,"ts":{"secs":0,"nanos":88065439}}}
{"AsyncOffCPU":{"id":2410567481692644228,"ts":{"secs":0,"nanos":88068322}}}
{"Wakeup":{"waking_span":2960392303919370332,"parked_span":15426540211228822218,"ts":{"secs":0,"nanos":100596297}}}
{"SyncEnd":{"id":2960392303919370332,"ts":{"secs":0,"nanos":100675673}}}
{"AsyncOnCPU":{"id":2410567481692644228,"ts":{"secs":0,"nanos":100679242}}}
{"SyncStart":{"name":"listdir","id":17082896245256426284,"parent_id":7772343853498352418,"ts":{"secs":0,"nanos":100719394},"metadata":null}}
{"AsyncOnCPU":{"id":16002497909182014378,"ts":{"secs":0,"nanos":100756960}}}
{"AsyncOffCPU":{"id":16002497909182014378,"ts":{"secs":0,"nanos":100769382}}}
{"AsyncOnCPU":{"id":9186968431073037645,"ts":{"secs":0,"nanos":100773847}}}
{"AsyncOffCPU":{"id":9186968431073037645,"ts":{"secs":0,"nanos":100808170}}}
{"AsyncOnCPU":{"id":15426540211228822218,"ts":{"secs":0,"nanos":100819627}}}
{"Wakeup":{"waking_span":15426540211228822218,"parked_span":2599108911880423241,"ts":{"secs":0,"nanos":100899110}}}
{"AsyncOffCPU":{"id":15426540211228822218,"ts":{"secs":0,"nanos":100925327}}}
{"AsyncOnCPU":{"id":975417436840538202,"ts":{"secs":0,"nanos":100928262}}}
{"AsyncOffCPU":{"id":975417436840538202,"ts":{"secs":0,"nanos":100934103}}}
{"AsyncOnCPU":{"id":16889771464505526041,"ts":{"secs":0,"nanos":100942750}}}
{"SyncStart":{"name":"replan","id":12198133033000260982,"parent_id":16889771464505526041,"ts":{"secs":0,"nanos":100946960},"metadata":null}}
{"SyncEnd":{"id":12198133033000260982,"ts":{"secs":0,"nanos":100958141}}}
{"AsyncOnCPU":{"id":2280885594292079009,"ts":{"secs":0,"nanos":100969833}}}
{"AsyncOnCPU":{"id":2599108911880423241,"ts":{"secs":0,"nanos":100978299}}}
{"Wakeup":{"waking_span":17082896245256426284,"parked_span":9186968431073037645,"ts":{"secs":0,"nanos":101063493}}}
{"SyncEnd":{"id":17082896245256426284,"ts":{"secs":0,"nanos":102165251}}}
{"AsyncOffCPU":{"id":2599108911880423241,"ts":{"secs":0,"nanos":102190543}}}
{"AsyncEnd":{"id":2599108911880423241,"ts":{"secs":0,"nanos":102198611},"outcome":"Success"}}
{"AsyncStart":{"name":"write_conflictable_xattrs","id":11492227316591048157,"parent_id":2280885594292079009,"ts":{"secs":0,"nanos":102366165},"metadata":null}}
{"AsyncOnCPU":{"id":11492227316591048157,"ts":{"secs":0,"nanos":102419665}}}
{"SyncStart":{"name":"set_xattr","id":14843022508406571474,"parent_id":7772343853498352418,"ts":{"secs":0,"nanos":102549718},"metadata":null}}
{"AsyncOffCPU":{"id":11492227316591048157,"ts":{"secs":0,"nanos":102551782}}}
{"AsyncOffCPU":{"id":2280885594292079009,"ts":{"secs":0,"nanos":102637809}}}
{"AsyncOffCPU":{"id":16889771464505526041,"ts":{"secs":0,"nanos":102654078}}}
{"AsyncOffCPU":{"id":2410567481692644228,"ts":{"secs":0,"nanos":102669964}}}
{"AsyncOnCPU":{"id":2410567481692644228,"ts":{"secs":0,"nanos":102689063}}}
{"Wakeup":{"waking_span":14843022508406571474,"parked_span":11492227316591048157,"ts":{"secs":0,"nanos":102699829}}}
{"SyncEnd":{"id":14843022508406571474,"ts":{"secs":0,"nanos":102715968}}}
{"AsyncOnCPU":{"id":16002497909182014378,"ts":{"secs":0,"nanos":102729589}}}
{"AsyncOffCPU":{"id":16002497909182014378,"ts":{"secs":0,"nanos":102753671}}}
{"AsyncOnCPU":{"id":9186968431073037645,"ts":{"secs":0,"nanos":102757303}}}
{"AsyncOffCPU":{"id":9186968431073037645,"ts":{"secs":0,"nanos":102862562}}}
{"AsyncOnCPU":{"id":15426540211228822218,"ts":{"secs":0,"nanos":102869893}}}
{"AsyncOffCPU":{"id":15426540211228822218,"ts":{"secs":0,"nanos":102880372}}}
{"AsyncOnCPU":{"id":975417436840538202,"ts":{"secs":0,"nanos":102902597}}}
{"AsyncOffCPU":{"id":975417436840538202,"ts":{"secs":0,"nanos":102921115}}}
{"AsyncOnCPU":{"id":16889771464505526041,"ts":{"secs":0,"nanos":102923875}}}
{"SyncStart":{"name":"replan","id":17296535671923691669,"parent_id":16889771464505526041,"ts":{"secs":0,"nanos":102927801},"metadata":null}}
{"SyncEnd":{"id":17296535671923691669,"ts":{"secs":0,"nanos":102939842}}}
{"AsyncOnCPU":{"id":2280885594292079009,"ts":{"secs":0,"nanos":102954391}}}
{"AsyncOnCPU":{"id":11492227316591048157,"ts":{"secs":0,"nanos":102967210}}}
{"AsyncOffCPU":{"id":11492227316591048157,"ts":{"secs":0,"nanos":103053522}}}
{"AsyncOffCPU":{"id":2280885594292079009,"ts":{"secs":0,"nanos":103061155}}}
{"AsyncOffCPU":{"id":16889771464505526041,"ts":{"secs":0,"nanos":103067178}}}
{"AsyncOffCPU":{"id":2410567481692644228,"ts":{"secs":0,"nanos":103069469}}}
{"AsyncOnCPU":{"id":2410567481692644228,"ts":{"secs":0,"nanos":103081573}}}
{"AsyncOnCPU":{"id":16002497909182014378,"ts":{"secs":0,"nanos":103085879}}}
{"AsyncOffCPU":{"id":16002497909182014378,"ts":{"secs":0,"nanos":103090130}}}
{"AsyncOnCPU":{"id":9186968431073037645,"ts":{"secs":0,"nanos":103092758}}}
{"SyncStart":{"name":"set_xattr","id":1193679985507404472,"parent_id":7772343853498352418,"ts":{"secs":0,"nanos":103082402},"metadata":null}}
{"AsyncOffCPU":{"id":9186968431073037645,"ts":{"secs":0,"nanos":103117059}}}
{"AsyncOnCPU":{"id":15426540211228822218,"ts":{"secs":0,"nanos":103145422}}}
{"AsyncOffCPU":{"id":15426540211228822218,"ts":{"secs":0,"nanos":103150168}}}
{"AsyncOnCPU":{"id":975417436840538202,"ts":{"secs":0,"nanos":103151450}}}
{"Wakeup":{"waking_span":1193679985507404472,"parked_span":11492227316591048157,"ts":{"secs":0,"nanos":103174663}}}
{"AsyncOffCPU":{"id":975417436840538202,"ts":{"secs":0,"nanos":103187962}}}
{"SyncEnd":{"id":1193679985507404472,"ts":{"secs":0,"nanos":103189885}}}
{"AsyncOnCPU":{"id":16889771464505526041,"ts":{"secs":0,"nanos":103194297}}}
{"SyncStart":{"name":"replan","id":15572662607897677013,"parent_id":16889771464505526041,"ts":{"secs":0,"nanos":103222288},"metadata":null}}
{"SyncEnd":{"id":15572662607897677013,"ts":{"secs":0,"nanos":103233311}}}
{"AsyncOnCPU":{"id":2280885594292079009,"ts":{"secs":0,"nanos":103237772}}}
{"AsyncOnCPU":{"id":11492227316591048157,"ts":{"secs":0,"nanos":103240959}}}
{"AsyncOffCPU":{"id":11492227316591048157,"ts":{"secs":0,"nanos":103254921}}}
{"AsyncOffCPU":{"id":2280885594292079009,"ts":{"secs":0,"nanos":103257450}}}
{"AsyncOffCPU":{"id":16889771464505526041,"ts":{"secs":0,"nanos":103263825}}}
{"SyncStart":{"name":"set_xattr","id":17439523618255676093,"parent_id":7772343853498352418,"ts":{"secs":0,"nanos":103275028},"metadata":null}}
{"AsyncOffCPU":{"id":2410567481692644228,"ts":{"secs":0,"nanos":103288193}}}
{"AsyncOnCPU":{"id":2410567481692644228,"ts":{"secs":0,"nanos":103314021}}}
{"AsyncOnCPU":{"id":16002497909182014378,"ts":{"secs":0,"nanos":103323767}}}
{"AsyncOffCPU":{"id":16002497909182014378,"ts":{"secs":0,"nanos":103329678}}}
{"AsyncOnCPU":{"id":9186968431073037645,"ts":{"secs":0,"nanos":103331887}}}
{"AsyncOffCPU":{"id":9186968431073037645,"ts":{"secs":0,"nanos":103340238}}}
{"AsyncOnCPU":{"id":15426540211228822218,"ts":{"secs":0,"nanos":103343688}}}
{"Wakeup":{"waking_span":17439523618255676093,"parked_span":11492227316591048157,"ts":{"secs":0,"nanos":103345059}}}
{"AsyncOffCPU":{"id":15426540211228822218,"ts":{"secs":0,"nanos":103349187}}}
{"AsyncOnCPU":{"id":975417436840538202,"ts":{"secs":0,"nanos":103351240}}}
{"AsyncOffCPU":{"id":975417436840538202,"ts":{"secs":0,"nanos":103371818}}}
{"SyncEnd":{"id":17439523618255676093,"ts":{"secs":0,"nanos":103378578}}}
{"AsyncOnCPU":{"id":16889771464505526041,"ts":{"secs":0,"nanos":103385529}}}
{"SyncStart":{"name":"replan","id":12946024855439927209,"parent_id":16889771464505526041,"ts":{"secs":0,"nanos":103399278},"metadata":null}}
{"SyncEnd":{"id":12946024855439927209,"ts":{"secs":0,"nanos":103410852}}}
{"AsyncOnCPU":{"id":2280885594292079009,"ts":{"secs":0,"nanos":103423523}}}
{"AsyncOnCPU":{"id":11492227316591048157,"ts":{"secs":0,"nanos":103426770}}}
{"AsyncOffCPU":{"id":11492227316591048157,"ts":{"secs":0,"nanos":103439521}}}
{"AsyncOffCPU":{"id":2280885594292079009,"ts":{"secs":0,"nanos":103442125}}}
{"SyncStart":{"name":"set_xattr","id":11034898612032527106,"parent_id":7772343853498352418,"ts":{"secs":0,"nanos":103444339},"metadata":null}}
{"AsyncOffCPU":{"id":16889771464505526041,"ts":{"secs":0,"nanos":103447788}}}
{"AsyncOffCPU":{"id":2410567481692644228,"ts":{"secs":0,"nanos":103452840}}}
{"AsyncOnCPU":{"id":2410567481692644228,"ts":{"secs":0,"nanos":103459731}}}
{"AsyncOnCPU":{"id":16002497909182014378,"ts":{"secs":0,"nanos":103465120}}}
{"AsyncOffCPU":{"id":16002497909182014378,"ts":{"secs":0,"nanos":103475837}}}
{"AsyncOnCPU":{"id":9186968431073037645,"ts":{"secs":0,"nanos":103477675}}}
{"AsyncOffCPU":{"id":9186968431073037645,"ts":{"secs":0,"nanos":103483809}}}
{"AsyncOnCPU":{"id":15426540211228822218,"ts":{"secs":0,"nanos":103486065}}}
{"AsyncOffCPU":{"id":15426540211228822218,"ts":{"secs":0,"nanos":103498133}}}
{"AsyncOnCPU":{"id":975417436840538202,"ts":{"secs":0,"nanos":103500992}}}
{"AsyncOffCPU":{"id":975417436840538202,"ts":{"secs":0,"nanos":103506015}}}
{"Wakeup":{"waking_span":11034898612032527106,"parked_span":11492227316591048157,"ts":{"secs":0,"nanos":103506991}}}
{"AsyncOnCPU":{"id":16889771464505526041,"ts":{"secs":0,"nanos":103507453}}}
{"SyncEnd":{"id":11034898612032527106,"ts":{"secs":0,"nanos":103521855}}}
{"SyncStart":{"name":"replan","id":3740745820712908652,"parent_id":16889771464505526041,"ts":{"secs":0,"nanos":103528950},"metadata":null}}
{"SyncEnd":{"id":3740745820712908652,"ts":{"secs":0,"nanos":103547367}}}
{"AsyncOnCPU":{"id":2280885594292079009,"ts":{"secs":0,"nanos":103550135}}}
{"AsyncOnCPU":{"id":11492227316591048157,"ts":{"secs":0,"nanos":103552891}}}
{"AsyncOffCPU":{"id":11492227316591048157,"ts":{"secs":0,"nanos":103578171}}}
{"SyncStart":{"name":"set_xattr","id":8550076333387151656,"parent_id":7772343853498352418,"ts":{"secs":0,"nanos":103591687},"metadata":null}}
{"AsyncOffCPU":{"id":2280885594292079009,"ts":{"secs":0,"nanos":103605753}}}
{"Wakeup":{"waking_span":8550076333387151656,"parked_span":11492227316591048157,"ts":{"secs":0,"nanos":103685521}}}
{"AsyncOffCPU":{"id":16889771464505526041,"ts":{"secs":0,"nanos":103724609}}}
{"SyncEnd":{"id":8550076333387151656,"ts":{"secs":0,"nanos":103776411}}}
{"AsyncOffCPU":{"id":2410567481692644228,"ts":{"secs":0,"nanos":103811412}}}
{"AsyncOnCPU":{"id":2410567481692644228,"ts":{"secs":0,"nanos":103839965}}}
{"AsyncOnCPU":{"id":16002497909182014378,"ts":{"secs":0,"nanos":103845850}}}
{"AsyncOffCPU":{"id":16002497909182014378,"ts":{"secs":0,"nanos":103861023}}}
{"AsyncOnCPU":{"id":9186968431073037645,"ts":{"secs":0,"nanos":103863041}}}
{"AsyncOffCPU":{"id":9186968431073037645,"ts":{"secs":0,"nanos":103882431}}}
{"AsyncOnCPU":{"id":15426540211228822218,"ts":{"secs":0,"nanos":103886157}}}
{"AsyncOffCPU":{"id":15426540211228822218,"ts":{"secs":0,"nanos":103891225}}}
{"AsyncOnCPU":{"id":975417436840538202,"ts":{"secs":0,"nanos":103892773}}}
{"AsyncOffCPU":{"id":975417436840538202,"ts":{"secs":0,"nanos":103896193}}}
{"AsyncOnCPU":{"id":16889771464505526041,"ts":{"secs":0,"nanos":103917171}}}
{"SyncStart":{"name":"replan","id":11142872223405031485,"parent_id":16889771464505526041,"ts":{"secs":0,"nanos":103950498},"metadata":null}}
{"SyncEnd":{"id":11142872223405031485,"ts":{"secs":0,"nanos":103956509}}}
{"AsyncOnCPU":{"id":2280885594292079009,"ts":{"secs":0,"nanos":103959935}}}
{"AsyncOnCPU":{"id":11492227316591048157,"ts":{"secs":0,"nanos":103979328}}}
{"AsyncOffCPU":{"id":11492227316591048157,"ts":{"secs":0,"nanos":103996837}}}
{"SyncStart":{"name":"set_xattr","id":3916734436522609918,"parent_id":7772343853498352418,"ts":{"secs":0,"nanos":104004452},"metadata":null}}
{"AsyncOffCPU":{"id":2280885594292079009,"ts":{"secs":0,"nanos":104012195}}}
{"Wakeup":{"waking_span":3916734436522609918,"parked_span":11492227316591048157,"ts":{"secs":0,"nanos":104038989}}}
{"AsyncOffCPU":{"id":16889771464505526041,"ts":{"secs":0,"nanos":104068744}}}
{"SyncEnd":{"id":3916734436522609918,"ts":{"secs":0,"nanos":104097600}}}
{"AsyncOffCPU":{"id":2410567481692644228,"ts":{"secs":0,"nanos":104106338}}}
{"AsyncOnCPU":{"id":2410567481692644228,"ts":{"secs":0,"nanos":104130055}}}
{"AsyncOnCPU":{"id":16002497909182014378,"ts":{"secs":0,"nanos":104134861}}}
{"AsyncOffCPU":{"id":16002497909182014378,"ts":{"secs":0,"nanos":104140740}}}
{"AsyncOnCPU":{"id":9186968431073037645,"ts":{"secs":0,"nanos":104142220}}}
{"AsyncOffCPU":{"id":9186968431073037645,"ts":{"secs":0,"nanos":104161227}}}
{"AsyncOnCPU":{"id":15426540211228822218,"ts":{"secs":0,"nanos":104165388}}}
{"AsyncOffCPU":{"id":15426540211228822218,"ts":{"secs":0,"nanos":104186095}}}
{"AsyncOnCPU":{"id":975417436840538202,"ts":{"secs":0,"nanos":104188407}}}
{"AsyncOffCPU":{"id":975417436840538202,"ts":{"secs":0,"nanos":104193712}}}
{"AsyncOnCPU":{"id":16889771464505526041,"ts":{"secs":0,"nanos":104195285}}}
{"SyncStart":{"name":"replan","id":14814571465886821737,"parent_id":16889771464505526041,"ts":{"secs":0,"nanos":104207721},"metadata":null}}
{"SyncEnd":{"id":14814571465886821737,"ts":{"secs":0,"nanos":104210719}}}
{"AsyncOnCPU":{"id":2280885594292079009,"ts":{"secs":0,"nanos":104213639}}}
{"AsyncOnCPU":{"id":11492227316591048157,"ts":{"secs":0,"nanos":104216447}}}
{"AsyncOffCPU":{"id":11492227316591048157,"ts":{"secs":0,"nanos":104256221}}}
{"AsyncOffCPU":{"id":2280885594292079009,"ts":{"secs":0,"nanos":104259800}}}
{"AsyncOffCPU":{"id":16889771464505526041,"ts":{"secs":0,"nanos":104268189}}}
{"SyncStart":{"name":"set_xattr","id":10100615792140235535,"parent_id":7772343853498352418,"ts":{"secs":0,"nanos":104268531},"metadata":null}}
{"AsyncOffCPU":{"id":2410567481692644228,"ts":{"secs":0,"nanos":104277690}}}
{"AsyncOnCPU":{"id":2410567481692644228,"ts":{"secs":0,"nanos":104301811}}}
{"AsyncOnCPU":{"id":16002497909182014378,"ts":{"secs":0,"nanos":104305969}}}
{"AsyncOffCPU":{"id":16002497909182014378,"ts":{"secs":0,"nanos":104315665}}}
{"Wakeup":{"waking_span":10100615792140235535,"parked_span":11492227316591048157,"ts":{"secs":0,"nanos":104316171}}}
{"SyncEnd":{"id":10100615792140235535,"ts":{"secs":0,"nanos":104332278}}}
{"AsyncOnCPU":{"id":9186968431073037645,"ts":{"secs":0,"nanos":104339962}}}
{"AsyncOffCPU":{"id":9186968431073037645,"ts":{"secs":0,"nanos":104371290}}}
{"AsyncOnCPU":{"id":15426540211228822218,"ts":{"secs":0,"nanos":104374319}}}
{"AsyncOffCPU":{"id":15426540211228822218,"ts":{"secs":0,"nanos":104378507}}}
{"AsyncOnCPU":{"id":975417436840538202,"ts":{"secs":0,"nanos":104379961}}}
{"AsyncOffCPU":{"id":975417436840538202,"ts":{"secs":0,"nanos":104393309}}}
{"AsyncOnCPU":{"id":16889771464505526041,"ts":{"secs":0,"nanos":104394751}}}
{"SyncStart":{"name":"replan","id":1664313688997655969,"parent_id":16889771464505526041,"ts":{"secs":0,"nanos":104396842},"metadata":null}}
{"SyncEnd":{"id":1664313688997655969,"ts":{"secs":0,"nanos":104399642}}}
{"AsyncOnCPU":{"id":2280885594292079009,"ts":{"secs":0,"nanos":104402262}}}
{"AsyncOnCPU":{"id":11492227316591048157,"ts":{"secs":0,"nanos":104425598}}}
{"AsyncOffCPU":{"id":11492227316591048157,"ts":{"secs":0,"nanos":104439901}}}
{"AsyncEnd":{"id":11492227316591048157,"ts":{"secs":0,"nanos":104442519},"outcome":"Success"}}
{"AsyncStart":{"name":"write_fileid","id":10836297335376398417,"parent_id":2280885594292079009,"ts":{"secs":0,"nanos":104543428},"metadata":null}}
{"AsyncOnCPU":{"id":10836297335376398417,"ts":{"secs":0,"nanos":104565210}}}
{"AsyncOffCPU":{"id":10836297335376398417,"ts":{"secs":0,"nanos":104610022}}}
{"AsyncOffCPU":{"id":2280885594292079009,"ts":{"secs":0,"nanos":104614323}}}
{"SyncStart":{"name":"write_fileid","id":5859160306145966665,"parent_id":7772343853498352418,"ts":{"secs":0,"nanos":104616157},"metadata":null}}
{"AsyncOffCPU":{"id":16889771464505526041,"ts":{"secs":0,"nanos":104620310}}}
{"AsyncOffCPU":{"id":2410567481692644228,"ts":{"secs":0,"nanos":104622670}}}
{"AsyncOnCPU":{"id":2410567481692644228,"ts":{"secs":0,"nanos":104626528}}}
{"AsyncOnCPU":{"id":16002497909182014378,"ts":{"secs":0,"nanos":104629999}}}
{"AsyncOffCPU":{"id":16002497909182014378,"ts":{"secs":0,"nanos":104633667}}}
{"AsyncOnCPU":{"id":9186968431073037645,"ts":{"secs":0,"nanos":104635023}}}
{"AsyncOffCPU":{"id":9186968431073037645,"ts":{"secs":0,"nanos":104640430}}}
{"AsyncOnCPU":{"id":15426540211228822218,"ts":{"secs":0,"nanos":104642653}}}
{"AsyncOffCPU":{"id":15426540211228822218,"ts":{"secs":0,"nanos":104646567}}}
{"AsyncOnCPU":{"id":975417436840538202,"ts":{"secs":0,"nanos":104647823}}}
{"AsyncOffCPU":{"id":975417436840538202,"ts":{"secs":0,"nanos":104650687}}}
{"AsyncOnCPU":{"id":16889771464505526041,"ts":{"secs":0,"nanos":104652013}}}
{"SyncStart":{"name":"replan","id":11976681475905857888,"parent_id":16889771464505526041,"ts":{"secs":0,"nanos":104667412},"metadata":null}}
{"SyncEnd":{"id":11976681475905857888,"ts":{"secs":0,"nanos":104672027}}}
{"AsyncOffCPU":{"id":16889771464505526041,"ts":{"secs":0,"nanos":104681038}}}
{"AsyncOffCPU":{"id":2410567481692644228,"ts":{"secs":0,"nanos":104685143}}}
{"AsyncOnCPU":{"id":2410567481692644228,"ts":{"secs":0,"nanos":104691655}}}
{"AsyncOnCPU":{"id":16002497909182014378,"ts":{"secs":0,"nanos":104696558}}}
{"AsyncOffCPU":{"id":16002497909182014378,"ts":{"secs":0,"nanos":104717845}}}
{"AsyncOnCPU":{"id":9186968431073037645,"ts":{"secs":0,"nanos":104721107}}}
{"AsyncOffCPU":{"id":9186968431073037645,"ts":{"secs":0,"nanos":104726920}}}
{"AsyncOnCPU":{"id":15426540211228822218,"ts":{"secs":0,"nanos":104729123}}}
{"AsyncOffCPU":{"id":15426540211228822218,"ts":{"secs":0,"nanos":104732328}}}
{"AsyncOnCPU":{"id":975417436840538202,"ts":{"secs":0,"nanos":104733529}}}
{"AsyncOffCPU":{"id":975417436840538202,"ts":{"secs":0,"nanos":104735909}}}
{"AsyncOnCPU":{"id":16889771464505526041,"ts":{"secs":0,"nanos":104737181}}}
{"SyncStart":{"name":"replan","id":16391891644594196139,"parent_id":16889771464505526041,"ts":{"secs":0,"nanos":104739367},"metadata":null}}
{"SyncEnd":{"id":16391891644594196139,"ts":{"secs":0,"nanos":104742297}}}
{"AsyncOffCPU":{"id":16889771464505526041,"ts":{"secs":0,"nanos":104746135}}}
{"AsyncOffCPU":{"id":2410567481692644228,"ts":{"secs":0,"nanos":104748407}}}
{"Wakeup":{"waking_span":5859160306145966665,"parked_span":10836297335376398417,"ts":{"secs":0,"nanos":114277241}}}
{"SyncEnd":{"id":5859160306145966665,"ts":{"secs":0,"nanos":114315294}}}
{"AsyncOnCPU":{"id":2410567481692644228,"ts":{"secs":0,"nanos":114321614}}}
{"AsyncOnCPU":{"id":16002497909182014378,"ts":{"secs":0,"nanos":115828301}}}
{"AsyncOffCPU":{"id":16002497909182014378,"ts":{"secs":0,"nanos":115842061}}}
{"AsyncOnCPU":{"id":9186968431073037645,"ts":{"secs":0,"nanos":115845708}}}
{"AsyncOffCPU":{"id":9186968431073037645,"ts":{"secs":0,"nanos":115861539}}}
{"AsyncOnCPU":{"id":15426540211228822218,"ts":{"secs":0,"nanos":115866608}}}
{"AsyncOffCPU":{"id":15426540211228822218,"ts":{"secs":0,"nanos":115876201}}}
{"AsyncOnCPU":{"id":975417436840538202,"ts":{"secs":0,"nanos":115878777}}}
{"AsyncOffCPU":{"id":975417436840538202,"ts":{"secs":0,"nanos":115885414}}}
{"AsyncOnCPU":{"id":16889771464505526041,"ts":{"secs":0,"nanos":115887999}}}
{"SyncStart":{"name":"replan","id":14471638500455170133,"parent_id":16889771464505526041,"ts":{"secs":0,"nanos":115893157},"metadata":null}}
{"SyncEnd":{"id":14471638500455170133,"ts":{"secs":0,"nanos":115898910}}}
{"AsyncOnCPU":{"id":2280885594292079009,"ts":{"secs":0,"nanos":115906963}}}
{"AsyncOnCPU":{"id":10836297335376398417,"ts":{"secs":0,"nanos":115913928}}}
{"AsyncOffCPU":{"id":10836297335376398417,"ts":{"secs":0,"nanos":115924841}}}
{"AsyncEnd":{"id":10836297335376398417,"ts":{"secs":0,"nanos":115927032},"outcome":"Success"}}
{"AsyncStart":{"name":"write_permissions","id":17864679530654526166,"parent_id":2280885594292079009,"ts":{"secs":0,"nanos":115959017},"metadata":null}}
{"AsyncOnCPU":{"id":17864679530654526166,"ts":{"secs":0,"nanos":115963188}}}
{"AsyncOffCPU":{"id":17864679530654526166,"ts":{"secs":0,"nanos":115971652}}}
{"AsyncOffCPU":{"id":2280885594292079009,"ts":{"secs":0,"nanos":115976557}}}
{"AsyncOffCPU":{"id":16889771464505526041,"ts":{"secs":0,"nanos":115987294}}}
{"SyncStart":{"name":"write_permissions","id":12255267138879388050,"parent_id":7772343853498352418,"ts":{"secs":0,"nanos":115990453},"metadata":null}}
{"AsyncOffCPU":{"id":2410567481692644228,"ts":{"secs":0,"nanos":115991288}}}
{"AsyncOnCPU":{"id":2410567481692644228,"ts":{"secs":0,"nanos":116033870}}}
{"AsyncOnCPU":{"id":16002497909182014378,"ts":{"secs":0,"nanos":116039990}}}
{"AsyncOffCPU":{"id":16002497909182014378,"ts":{"secs":0,"nanos":116045917}}}
{"AsyncOnCPU":{"id":9186968431073037645,"ts":{"secs":0,"nanos":116048368}}}
{"AsyncOffCPU":{"id":9186968431073037645,"ts":{"secs":0,"nanos":116057237}}}
{"AsyncOnCPU":{"id":15426540211228822218,"ts":{"secs":0,"nanos":116060917}}}
{"AsyncOffCPU":{"id":15426540211228822218,"ts":{"secs":0,"nanos":116066986}}}
{"AsyncOnCPU":{"id":975417436840538202,"ts":{"secs":0,"nanos":116069239}}}
{"Wakeup":{"waking_span":12255267138879388050,"parked_span":17864679530654526166,"ts":{"secs":0,"nanos":116073300}}}
{"AsyncOffCPU":{"id":975417436840538202,"ts":{"secs":0,"nanos":116074006}}}
{"SyncEnd":{"id":12255267138879388050,"ts":{"secs":0,"nanos":116088091}}}
{"AsyncOnCPU":{"id":16889771464505526041,"ts":{"secs":0,"nanos":116088906}}}
{"SyncStart":{"name":"replan","id":6517305149851482907,"parent_id":16889771464505526041,"ts":{"secs":0,"nanos":116106408},"metadata":null}}
{"SyncEnd":{"id":6517305149851482907,"ts":{"secs":0,"nanos":116110661}}}
{"AsyncOnCPU":{"id":2280885594292079009,"ts":{"secs":0,"nanos":116115246}}}
{"AsyncOnCPU":{"id":17864679530654526166,"ts":{"secs":0,"nanos":116119059}}}
{"AsyncOffCPU":{"id":17864679530654526166,"ts":{"secs":0,"nanos":116124028}}}
{"AsyncEnd":{"id":17864679530654526166,"ts":{"secs":0,"nanos":116126126},"outcome":"Success"}}
{"AsyncStart":{"name":"open_parent","id":16377159547152282733,"parent_id":2280885594292079009,"ts":{"secs":0,"nanos":116193763},"metadata":null}}
{"SyncStart":{"name":"open_walk","id":4682160412636688850,"parent_id":7772343853498352418,"ts":{"secs":0,"nanos":116193934},"metadata":null}}
{"AsyncOnCPU":{"id":16377159547152282733,"ts":{"secs":0,"nanos":116204521}}}
{"AsyncOffCPU":{"id":16377159547152282733,"ts":{"secs":0,"nanos":116245510}}}
{"AsyncOffCPU":{"id":2280885594292079009,"ts":{"secs":0,"nanos":116260212}}}
{"AsyncOffCPU":{"id":16889771464505526041,"ts":{"secs":0,"nanos":116268617}}}
{"AsyncOffCPU":{"id":2410567481692644228,"ts":{"secs":0,"nanos":116272472}}}
{"AsyncOnCPU":{"id":2410567481692644228,"ts":{"secs":0,"nanos":116277988}}}
{"AsyncOnCPU":{"id":16002497909182014378,"ts":{"secs":0,"nanos":116282890}}}
{"AsyncOffCPU":{"id":16002497909182014378,"ts":{"secs":0,"nanos":116288570}}}
{"AsyncOnCPU":{"id":9186968431073037645,"ts":{"secs":0,"nanos":116290974}}}
{"AsyncOffCPU":{"id":9186968431073037645,"ts":{"secs":0,"nanos":116299577}}}
{"AsyncOnCPU":{"id":15426540211228822218,"ts":{"secs":0,"nanos":116303308}}}
{"AsyncOffCPU":{"id":15426540211228822218,"ts":{"secs":0,"nanos":116309217}}}
{"AsyncOnCPU":{"id":975417436840538202,"ts":{"secs":0,"nanos":116311481}}}
{"AsyncOffCPU":{"id":975417436840538202,"ts":{"secs":0,"nanos":116316294}}}
{"AsyncOnCPU":{"id":16889771464505526041,"ts":{"secs":0,"nanos":116318552}}}
{"SyncStart":{"name":"replan","id":7365837894045351242,"parent_id":16889771464505526041,"ts":{"secs":0,"nanos":116321934},"metadata":null}}
{"SyncEnd":{"id":7365837894045351242,"ts":{"secs":0,"nanos":116326048}}}
{"AsyncOffCPU":{"id":16889771464505526041,"ts":{"secs":0,"nanos":116331841}}}
{"AsyncOffCPU":{"id":2410567481692644228,"ts":{"secs":0,"nanos":116334826}}}
{"Wakeup":{"waking_span":4682160412636688850,"parked_span":16377159547152282733,"ts":{"secs":0,"nanos":116336219}}}
{"AsyncOnCPU":{"id":2410567481692644228,"ts":{"secs":0,"nanos":116347157}}}
{"SyncEnd":{"id":4682160412636688850,"ts":{"secs":0,"nanos":116364488}}}
{"AsyncOnCPU":{"id":16002497909182014378,"ts":{"secs":0,"nanos":116384348}}}
{"AsyncOffCPU":{"id":16002497909182014378,"ts":{"secs":0,"nanos":116415790}}}
{"AsyncOnCPU":{"id":9186968431073037645,"ts":{"secs":0,"nanos":116418408}}}
{"AsyncOffCPU":{"id":9186968431073037645,"ts":{"secs":0,"nanos":116426437}}}
{"AsyncOnCPU":{"id":15426540211228822218,"ts":{"secs":0,"nanos":116430137}}}
{"AsyncOffCPU":{"id":15426540211228822218,"ts":{"secs":0,"nanos":116435681}}}
{"AsyncOnCPU":{"id":975417436840538202,"ts":{"secs":0,"nanos":116437957}}}
{"AsyncOffCPU":{"id":975417436840538202,"ts":{"secs":0,"nanos":116442754}}}
{"AsyncOnCPU":{"id":16889771464505526041,"ts":{"secs":0,"nanos":116444999}}}
{"SyncStart":{"name":"replan","id":6186226586783196778,"parent_id":16889771464505526041,"ts":{"secs":0,"nanos":116448217},"metadata":null}}
{"SyncEnd":{"id":6186226586783196778,"ts":{"secs":0,"nanos":116452137}}}
{"AsyncOnCPU":{"id":2280885594292079009,"ts":{"secs":0,"nanos":116456330}}}
{"AsyncOnCPU":{"id":16377159547152282733,"ts":{"secs":0,"nanos":116460083}}}
{"AsyncOffCPU":{"id":16377159547152282733,"ts":{"secs":0,"nanos":116469599}}}
{"AsyncEnd":{"id":16377159547152282733,"ts":{"secs":0,"nanos":116471754},"outcome":"Success"}}
{"AsyncStart":{"name":"generate_cas_token","id":2778087675990692595,"parent_id":2280885594292079009,"ts":{"secs":0,"nanos":116554664},"metadata":null}}
{"AsyncOnCPU":{"id":2778087675990692595,"ts":{"secs":0,"nanos":116557697}}}
{"SyncStart":{"name":"fstat","id":15514627756980939020,"parent_id":7772343853498352418,"ts":{"secs":0,"nanos":116566217},"metadata":null}}
{"AsyncOffCPU":{"id":2778087675990692595,"ts":{"secs":0,"nanos":116569972}}}
{"AsyncOffCPU":{"id":2280885594292079009,"ts":{"secs":0,"nanos":116574900}}}
{"AsyncOffCPU":{"id":16889771464505526041,"ts":{"secs":0,"nanos":116580203}}}
{"AsyncOffCPU":{"id":2410567481692644228,"ts":{"secs":0,"nanos":116582759}}}
{"AsyncOnCPU":{"id":2410567481692644228,"ts":{"secs":0,"nanos":116586474}}}
{"AsyncOnCPU":{"id":16002497909182014378,"ts":{"secs":0,"nanos":116589632}}}
{"AsyncOffCPU":{"id":16002497909182014378,"ts":{"secs":0,"nanos":116593049}}}
{"AsyncOnCPU":{"id":9186968431073037645,"ts":{"secs":0,"nanos":116594633}}}
{"Wakeup":{"waking_span":15514627756980939020,"parked_span":2778087675990692595,"ts":{"secs":0,"nanos":116595944}}}
{"AsyncOffCPU":{"id":9186968431073037645,"ts":{"secs":0,"nanos":116599969}}}
{"SyncEnd":{"id":15514627756980939020,"ts":{"secs":0,"nanos":116601642}}}
{"AsyncOnCPU":{"id":15426540211228822218,"ts":{"secs":0,"nanos":116602494}}}
{"AsyncOffCPU":{"id":15426540211228822218,"ts":{"secs":0,"nanos":116619109}}}
{"AsyncOnCPU":{"id":975417436840538202,"ts":{"secs":0,"nanos":116640622}}}
{"AsyncOffCPU":{"id":975417436840538202,"ts":{"secs":0,"nanos":116644950}}}
{"AsyncOnCPU":{"id":16889771464505526041,"ts":{"secs":0,"nanos":116646444}}}
{"SyncStart":{"name":"replan","id":10713661802953080910,"parent_id":16889771464505526041,"ts":{"secs":0,"nanos":116648632},"metadata":null}}
{"SyncEnd":{"id":10713661802953080910,"ts":{"secs":0,"nanos":116651202}}}
{"AsyncOnCPU":{"id":2280885594292079009,"ts":{"secs":0,"nanos":116654197}}}
{"AsyncOnCPU":{"id":2778087675990692595,"ts":{"secs":0,"nanos":116656559}}}
{"AsyncOffCPU":{"id":2778087675990692595,"ts":{"secs":0,"nanos":116668336}}}
{"AsyncEnd":{"id":2778087675990692595,"ts":{"secs":0,"nanos":116669877},"outcome":"Success"}}
{"SyncStart":{"name":"record_intent","id":9606577528982626010,"parent_id":2280885594292079009,"ts":{"secs":0,"nanos":116693610},"metadata":null}}
{"SyncEnd":{"id":9606577528982626010,"ts":{"secs":0,"nanos":116841994}}}
{"SyncStart":{"name":"fstat","id":12682467958041238291,"parent_id":7772343853498352418,"ts":{"secs":0,"nanos":116887970},"metadata":null}}
{"AsyncStart":{"name":"compare_and_swap","id":3192103391821804596,"parent_id":2280885594292079009,"ts":{"secs":0,"nanos":116893597},"metadata":null}}
{"AsyncOnCPU":{"id":3192103391821804596,"ts":{"secs":0,"nanos":116896600}}}
{"Wakeup":{"waking_span":12682467958041238291,"parked_span":3192103391821804596,"ts":{"secs":0,"nanos":116917302}}}
{"SyncEnd":{"id":12682467958041238291,"ts":{"secs":0,"nanos":116922157}}}
{"AsyncOffCPU":{"id":3192103391821804596,"ts":{"secs":0,"nanos":116922246}}}
{"AsyncOffCPU":{"id":2280885594292079009,"ts":{"secs":0,"nanos":116945049}}}
{"AsyncOnCPU":{"id":2280885594292079009,"ts":{"secs":0,"nanos":116948713}}}
{"AsyncOnCPU":{"id":3192103391821804596,"ts":{"secs":0,"nanos":116951176}}}
{"SyncStart":{"name":"open","id":15766676816837801948,"parent_id":7772343853498352418,"ts":{"secs":0,"nanos":117022997},"metadata":null}}
{"AsyncOffCPU":{"id":3192103391821804596,"ts":{"secs":0,"nanos":117025969}}}
{"AsyncOffCPU":{"id":2280885594292079009,"ts":{"secs":0,"nanos":117039420}}}
{"AsyncOffCPU":{"id":16889771464505526041,"ts":{"secs":0,"nanos":117045267}}}
{"AsyncOffCPU":{"id":2410567481692644228,"ts":{"secs":0,"nanos":117047819}}}
{"AsyncOnCPU":{"id":2410567481692644228,"ts":{"secs":0,"nanos":117051746}}}
{"AsyncOnCPU":{"id":16002497909182014378,"ts":{"secs":0,"nanos":117055217}}}
{"AsyncOffCPU":{"id":16002497909182014378,"ts":{"secs":0,"nanos":117059237}}}
{"AsyncOnCPU":{"id":15426540211228822218,"ts":{"secs":0,"nanos":117062553}}}
{"AsyncOffCPU":{"id":15426540211228822218,"ts":{"secs":0,"nanos":117066742}}}
{"AsyncOnCPU":{"id":975417436840538202,"ts":{"secs":0,"nanos":117068186}}}
{"AsyncOffCPU":{"id":975417436840538202,"ts":{"secs":0,"nanos":117071379}}}
{"AsyncOnCPU":{"id":16889771464505526041,"ts":{"secs":0,"nanos":117072834}}}
{"Wakeup":{"waking_span":15766676816837801948,"parked_span":3192103391821804596,"ts":{"secs":0,"nanos":117074549}}}
{"AsyncOffCPU":{"id":16889771464505526041,"ts":{"secs":0,"nanos":117076759}}}
{"AsyncOffCPU":{"id":2410567481692644228,"ts":{"secs":0,"nanos":117082430}}}
{"SyncEnd":{"id":15766676816837801948,"ts":{"secs":0,"nanos":117082874}}}
{"AsyncOnCPU":{"id":2410567481692644228,"ts":{"secs":0,"nanos":117089620}}}
{"AsyncOnCPU":{"id":16002497909182014378,"ts":{"secs":0,"nanos":117110510}}}
{"AsyncOffCPU":{"id":16002497909182014378,"ts":{"secs":0,"nanos":117115167}}}
{"AsyncOnCPU":{"id":15426540211228822218,"ts":{"secs":0,"nanos":117119063}}}
{"AsyncOffCPU":{"id":15426540211228822218,"ts":{"secs":0,"nanos":117123523}}}
{"AsyncOnCPU":{"id":975417436840538202,"ts":{"secs":0,"nanos":117124939}}}
{"AsyncOffCPU":{"id":975417436840538202,"ts":{"secs":0,"nanos":117128272}}}
{"AsyncOnCPU":{"id":16889771464505526041,"ts":{"secs":0,"nanos":117129710}}}
{"AsyncOnCPU":{"id":2280885594292079009,"ts":{"secs":0,"nanos":117133507}}}
{"AsyncOnCPU":{"id":3192103391821804596,"ts":{"secs":0,"nanos":117135973}}}
{"AsyncOffCPU":{"id":3192103391821804596,"ts":{"secs":0,"nanos":117164443}}}
{"AsyncOffCPU":{"id":2280885594292079009,"ts":{"secs":0,"nanos":117166959}}}
{"AsyncOffCPU":{"id":16889771464505526041,"ts":{"secs":0,"nanos":117172119}}}
{"AsyncOffCPU":{"id":2410567481692644228,"ts":{"secs":0,"nanos":117174552}}}
{"AsyncOnCPU":{"id":2410567481692644228,"ts":{"secs":0,"nanos":117179149}}}
{"SyncStart":{"name":"compare_and_swap","id":3113416076035212599,"parent_id":7772343853498352418,"ts":{"secs":0,"nanos":117178932},"metadata":null}}
{"AsyncOnCPU":{"id":16002497909182014378,"ts":{"secs":0,"nanos":117188406}}}
{"AsyncOffCPU":{"id":16002497909182014378,"ts":{"secs":0,"nanos":117214362}}}
{"AsyncOnCPU":{"id":15426540211228822218,"ts":{"secs":0,"nanos":117218516}}}
{"AsyncOffCPU":{"id":15426540211228822218,"ts":{"secs":0,"nanos":117222316}}}
{"AsyncOnCPU":{"id":975417436840538202,"ts":{"secs":0,"nanos":117223744}}}
{"AsyncOffCPU":{"id":975417436840538202,"ts":{"secs":0,"nanos":117226730}}}
{"AsyncOnCPU":{"id":16889771464505526041,"ts":{"secs":0,"nanos":117228212}}}
{"AsyncOffCPU":{"id":16889771464505526041,"ts":{"secs":0,"nanos":117232806}}}
{"AsyncOffCPU":{"id":2410567481692644228,"ts":{"secs":0,"nanos":117234929}}}
{"Wakeup":{"waking_span":3113416076035212599,"parked_span":3192103391821804596,"ts":{"secs":0,"nanos":126523083}}}
{"SyncEnd":{"id":3113416076035212599,"ts":{"secs":0,"nanos":126561019}}}
{"AsyncOnCPU":{"id":2410567481692644228,"ts":{"secs":0,"nanos":126577159}}}
{"AsyncOnCPU":{"id":16002497909182014378,"ts":{"secs":0,"nanos":126598623}}}
{"AsyncOffCPU":{"id":16002497909182014378,"ts":{"secs":0,"nanos":126615743}}}
{"AsyncOnCPU":{"id":15426540211228822218,"ts":{"secs":0,"nanos":126628454}}}
{"AsyncOffCPU":{"id":15426540211228822218,"ts":{"secs":0,"nanos":126642114}}}
{"AsyncOnCPU":{"id":975417436840538202,"ts":{"secs":0,"nanos":126646128}}}
{"AsyncOffCPU":{"id":975417436840538202,"ts":{"secs":0,"nanos":126656301}}}
{"AsyncOnCPU":{"id":16889771464505526041,"ts":{"secs":0,"nanos":126660472}}}
{"AsyncOnCPU":{"id":2280885594292079009,"ts":{"secs":0,"nanos":126673139}}}
{"AsyncOnCPU":{"id":3192103391821804596,"ts":{"secs":0,"nanos":126680934}}}
{"AsyncOffCPU":{"id":3192103391821804596,"ts":{"secs":0,"nanos":126738679}}}
{"AsyncEnd":{"id":3192103391821804596,"ts":{"secs":0,"nanos":126742096},"outcome":"Success"}}
{"AsyncStart":{"name":"stat_parent","id":10761300685748062015,"parent_id":2280885594292079009,"ts":{"secs":0,"nanos":126767832},"metadata":null}}
{"SyncStart":{"name":"fstat","id":8215061885057628666,"parent_id":7772343853498352418,"ts":{"secs":0,"nanos":126772236},"metadata":null}}
{"AsyncOnCPU":{"id":10761300685748062015,"ts":{"secs":0,"nanos":126783821}}}
{"AsyncOffCPU":{"id":10761300685748062015,"ts":{"secs":0,"nanos":126832039}}}
{"AsyncOffCPU":{"id":2280885594292079009,"ts":{"secs":0,"nanos":126847828}}}
{"Wakeup":{"waking_span":8215061885057628666,"parked_span":10761300685748062015,"ts":{"secs":0,"nanos":126859323}}}
{"AsyncOffCPU":{"id":16889771464505526041,"ts":{"secs":0,"nanos":126863759}}}
{"SyncEnd":{"id":8215061885057628666,"ts":{"secs":0,"nanos":126874168}}}
{"AsyncOffCPU":{"id":2410567481692644228,"ts":{"secs":0,"nanos":126875232}}}
{"AsyncOnCPU":{"id":2410567481692644228,"ts":{"secs":0,"nanos":126923310}}}
{"AsyncOnCPU":{"id":16002497909182014378,"ts":{"secs":0,"nanos":126939996}}}
{"AsyncOffCPU":{"id":16002497909182014378,"ts":{"secs":0,"nanos":126964188}}}
{"AsyncOnCPU":{"id":15426540211228822218,"ts":{"secs":0,"nanos":126976466}}}
{"AsyncOffCPU":{"id":15426540211228822218,"ts":{"secs":0,"nanos":126987303}}}
{"AsyncOnCPU":{"id":975417436840538202,"ts":{"secs":0,"nanos":126991156}}}
{"AsyncOffCPU":{"id":975417436840538202,"ts":{"secs":0,"nanos":126999590}}}
{"AsyncOnCPU":{"id":16889771464505526041,"ts":{"secs":0,"nanos":127003330}}}
{"AsyncOnCPU":{"id":2280885594292079009,"ts":{"secs":0,"nanos":127013012}}}
{"AsyncOnCPU":{"id":10761300685748062015,"ts":{"secs":0,"nanos":127019321}}}
{"AsyncOffCPU":{"id":10761300685748062015,"ts":{"secs":0,"nanos":127029021}}}
{"AsyncEnd":{"id":10761300685748062015,"ts":{"secs":0,"nanos":127032463},"outcome":"Success"}}
{"SyncStart":{"name":"fstatat","id":3978137112309625077,"parent_id":7772343853498352418,"ts":{"secs":0,"nanos":128049931},"metadata":null}}
{"AsyncStart":{"name":"stat_child","id":11924591836374744566,"parent_id":2280885594292079009,"ts":{"secs":0,"nanos":128057928},"metadata":null}}
{"AsyncOnCPU":{"id":11924591836374744566,"ts":{"secs":0,"nanos":128065510}}}
{"AsyncOffCPU":{"id":11924591836374744566,"ts":{"secs":0,"nanos":128084450}}}
{"AsyncOffCPU":{"id":2280885594292079009,"ts":{"secs":0,"nanos":128090072}}}
{"AsyncOffCPU":{"id":16889771464505526041,"ts":{"secs":0,"nanos":128100672}}}
{"AsyncOffCPU":{"id":2410567481692644228,"ts":{"secs":0,"nanos":128105308}}}
{"AsyncOnCPU":{"id":2410567481692644228,"ts":{"secs":0,"nanos":128112863}}}
{"Wakeup":{"waking_span":3978137112309625077,"parked_span":11924591836374744566,"ts":{"secs":0,"nanos":128115466}}}
{"AsyncOnCPU":{"id":16002497909182014378,"ts":{"secs":0,"nanos":128119428}}}
{"SyncEnd":{"id":3978137112309625077,"ts":{"secs":0,"nanos":128124796}}}
{"AsyncOffCPU":{"id":16002497909182014378,"ts":{"secs":0,"nanos":128126896}}}
{"AsyncOnCPU":{"id":15426540211228822218,"ts":{"secs":0,"nanos":128152328}}}
{"AsyncOffCPU":{"id":15426540211228822218,"ts":{"secs":0,"nanos":128160210}}}
{"AsyncOnCPU":{"id":975417436840538202,"ts":{"secs":0,"nanos":128163041}}}
{"AsyncOffCPU":{"id":975417436840538202,"ts":{"secs":0,"nanos":128168994}}}
{"AsyncOnCPU":{"id":16889771464505526041,"ts":{"secs":0,"nanos":128171570}}}
{"AsyncOnCPU":{"id":2280885594292079009,"ts":{"secs":0,"nanos":128178314}}}
{"AsyncOnCPU":{"id":11924591836374744566,"ts":{"secs":0,"nanos":128182392}}}
{"AsyncOffCPU":{"id":11924591836374744566,"ts":{"secs":0,"nanos":128198903}}}
{"AsyncEnd":{"id":11924591836374744566,"ts":{"secs":0,"nanos":128201368},"outcome":"Success"}}
{"SyncStart":{"name":"finalize_op","id":7318839802405445342,"parent_id":2280885594292079009,"ts":{"secs":0,"nanos":128228819},"metadata":null}}
{"Wakeup":{"waking_span":7318839802405445342,"parked_span":16889771464505526041,"ts":{"secs":0,"nanos":128250070}}}
{"Wakeup":{"waking_span":7318839802405445342,"parked_span":2410567481692644228,"ts":{"secs":0,"nanos":131610707}}}
{"Wakeup":{"waking_span":7318839802405445342,"parked_span":16889771464505526041,"ts":{"secs":0,"nanos":131618156}}}
{"Wakeup":{"waking_span":7318839802405445342,"parked_span":2410567481692644228,"ts":{"secs":0,"nanos":131620679}}}
{"Wakeup":{"waking_span":7318839802405445342,"parked_span":16889771464505526041,"ts":{"secs":0,"nanos":131623414}}}
{"Wakeup":{"waking_span":7318839802405445342,"parked_span":2410567481692644228,"ts":{"secs":0,"nanos":131626207}}}
{"Wakeup":{"waking_span":7318839802405445342,"parked_span":16889771464505526041,"ts":{"secs":0,"nanos":131628350}}}
{"Wakeup":{"waking_span":7318839802405445342,"parked_span":2410567481692644228,"ts":{"secs":0,"nanos":131630554}}}
{"Wakeup":{"waking_span":7318839802405445342,"parked_span":16889771464505526041,"ts":{"secs":0,"nanos":131632543}}}
{"Wakeup":{"waking_span":7318839802405445342,"parked_span":2410567481692644228,"ts":{"secs":0,"nanos":131634727}}}
{"Wakeup":{"waking_span":7318839802405445342,"parked_span":16889771464505526041,"ts":{"secs":0,"nanos":131636823}}}
{"Wakeup":{"waking_span":7318839802405445342,"parked_span":2410567481692644228,"ts":{"secs":0,"nanos":131638780}}}
{"Wakeup":{"waking_span":7318839802405445342,"parked_span":16889771464505526041,"ts":{"secs":0,"nanos":131640767}}}
{"SyncEnd":{"id":7318839802405445342,"ts":{"secs":0,"nanos":131644064}}}
{"AsyncOffCPU":{"id":2280885594292079009,"ts":{"secs":0,"nanos":131666153}}}
{"AsyncEnd":{"id":2280885594292079009,"ts":{"secs":0,"nanos":131668381},"outcome":"Success"}}
{"AsyncOffCPU":{"id":16889771464505526041,"ts":{"secs":0,"nanos":131738710}}}
{"AsyncOffCPU":{"id":2410567481692644228,"ts":{"secs":0,"nanos":131744869}}}
{"AsyncOnCPU":{"id":2410567481692644228,"ts":{"secs":0,"nanos":131759030}}}
{"AsyncOnCPU":{"id":16002497909182014378,"ts":{"secs":0,"nanos":131765153}}}
{"AsyncOffCPU":{"id":16002497909182014378,"ts":{"secs":0,"nanos":131772407}}}
{"AsyncOnCPU":{"id":9186968431073037645,"ts":{"secs":0,"nanos":131774649}}}
{"AsyncOffCPU":{"id":9186968431073037645,"ts":{"secs":0,"nanos":131786093}}}
{"AsyncOnCPU":{"id":15426540211228822218,"ts":{"secs":0,"nanos":131789731}}}
{"AsyncOffCPU":{"id":15426540211228822218,"ts":{"secs":0,"nanos":131796327}}}
{"AsyncOnCPU":{"id":975417436840538202,"ts":{"secs":0,"nanos":131798129}}}
{"AsyncOffCPU":{"id":975417436840538202,"ts":{"secs":0,"nanos":131802604}}}
{"AsyncOnCPU":{"id":16889771464505526041,"ts":{"secs":0,"nanos":131804274}}}
{"SyncStart":{"name":"replan","id":17529823948266732413,"parent_id":16889771464505526041,"ts":{"secs":0,"nanos":131807596},"metadata":null}}
{"SyncEnd":{"id":17529823948266732413,"ts":{"secs":0,"nanos":132049420}}}
{"AsyncOffCPU":{"id":16889771464505526041,"ts":{"secs":0,"nanos":132057926}}}
{"AsyncOffCPU":{"id":2410567481692644228,"ts":{"secs":0,"nanos":132083093}}}
{"SyncStart":{"name":"open_walk","id":14402550791256717075,"parent_id":7772343853498352418,"ts":{"secs":0,"nanos":132138307},"metadata":null}}
{"SyncEnd":{"id":14402550791256717075,"ts":{"secs":0,"nanos":132274066}}}
{"Wakeup":{"waking_span":10147541144189967757,"parked_span":2410567481692644228,"ts":{"secs":0,"nanos":132308729}}}
{"AsyncOnCPU":{"id":2410567481692644228,"ts":{"secs":0,"nanos":132325266}}}
{"Wakeup":{"waking_span":2410567481692644228,"parked_span":16889771464505526041,"ts":{"secs":0,"nanos":132375381}}}
{"Wakeup":{"waking_span":2410567481692644228,"parked_span":16889771464505526041,"ts":{"secs":0,"nanos":132385393}}}
{"Wakeup":{"waking_span":2410567481692644228,"parked_span":9186968431073037645,"ts":{"secs":0,"nanos":132396174}}}
{"Wakeup":{"waking_span":2410567481692644228,"parked_span":16002497909182014378,"ts":{"secs":0,"nanos":132398421}}}
{"Wakeup":{"waking_span":2410567481692644228,"parked_span":15426540211228822218,"ts":{"secs":0,"nanos":132400346}}}
{"Wakeup":{"waking_span":2410567481692644228,"parked_span":975417436840538202,"ts":{"secs":0,"nanos":132402247}}}
{"Wakeup":{"waking_span":2410567481692644228,"parked_span":9186968431073037645,"ts":{"secs":0,"nanos":132623324}}}
{"Wakeup":{"waking_span":2410567481692644228,"parked_span":9186968431073037645,"ts":{"secs":0,"nanos":132628220}}}
{"Wakeup":{"waking_span":2410567481692644228,"parked_span":9186968431073037645,"ts":{"secs":0,"nanos":132633543}}}
{"Wakeup":{"waking_span":2410567481692644228,"parked_span":9186968431073037645,"ts":{"secs":0,"nanos":132635699}}}
{"Wakeup":{"waking_span":2410567481692644228,"parked_span":2410567481692644228,"ts":{"secs":0,"nanos":132639363}}}
{"AsyncOffCPU":{"id":2410567481692644228,"ts":{"secs":0,"nanos":132661141}}}
{"AsyncEnd":{"id":2410567481692644228,"ts":{"secs":0,"nanos":132662926},"outcome":"Success"}}
{"SyncStart":{"name":"open_walk","id":11874256816769013627,"parent_id":7772343853498352418,"ts":{"secs":0,"nanos":133116837},"metadata":null}}
{"SyncEnd":{"id":11874256816769013627,"ts":{"secs":0,"nanos":133186521}}}
{"SyncStart":{"name":"read_fileid","id":9694599687522443188,"parent_id":7772343853498352418,"ts":{"secs":0,"nanos":133214434},"metadata":null}}
{"SyncEnd":{"id":9694599687522443188,"ts":{"secs":0,"nanos":133234153}}}
{"SyncStart":{"name":"fstat","id":6493787737094875711,"parent_id":7772343853498352418,"ts":{"secs":0,"nanos":133254634},"metadata":null}}
{"SyncEnd":{"id":6493787737094875711,"ts":{"secs":0,"nanos":133274936}}}
{"SyncStart":{"name":"fstat","id":13145770108392263799,"parent_id":7772343853498352418,"ts":{"secs":0,"nanos":133317569},"metadata":null}}
{"SyncEnd":{"id":13145770108392263799,"ts":{"secs":0,"nanos":133339890}}}
{"SyncStart":{"name":"get_xattr","id":17847968212341458925,"parent_id":7772343853498352418,"ts":{"secs":0,"nanos":133418550},"metadata":null}}
{"SyncEnd":{"id":17847968212341458925,"ts":{"secs":0,"nanos":133441463}}}
{"SyncStart":{"name":"fstat","id":12804959675307027734,"parent_id":7772343853498352418,"ts":{"secs":0,"nanos":133505227},"metadata":null}}
{"SyncEnd":{"id":12804959675307027734,"ts":{"secs":0,"nanos":133530714}}}
{"SyncStart":{"name":"list_xattrs","id":8274829668128095694,"parent_id":7772343853498352418,"ts":{"secs":0,"nanos":133557799},"metadata":null}}
{"SyncEnd":{"id":8274829668128095694,"ts":{"secs":0,"nanos":133635463}}}
{"SyncStart":{"name":"fstat","id":12563995684636712226,"parent_id":7772343853498352418,"ts":{"secs":0,"nanos":133678431},"metadata":null}}
{"SyncEnd":{"id":12563995684636712226,"ts":{"secs":0,"nanos":133704337}}}
{"SyncStart":{"name":"get_xattr","id":10663243669000248182,"parent_id":7772343853498352418,"ts":{"secs":0,"nanos":133740771},"metadata":null}}
{"SyncEnd":{"id":10663243669000248182,"ts":{"secs":0,"nanos":133759110}}}
{"SyncStart":{"name":"open_walk","id":4876286621337977747,"parent_id":7772343853498352418,"ts":{"secs":0,"nanos":134268501},"metadata":null}}
{"SyncEnd":{"id":4876286621337977747,"ts":{"secs":0,"nanos":134349269}}}
{"SyncStart":{"name":"read_fileid","id":15090030857798945655,"parent_id":7772343853498352418,"ts":{"secs":0,"nanos":134375436},"metadata":null}}
{"SyncEnd":{"id":15090030857798945655,"ts":{"secs":0,"nanos":134393213}}}
{"SyncStart":{"name":"fstat","id":4540298050517425206,"parent_id":7772343853498352418,"ts":{"secs":0,"nanos":134413200},"metadata":null}}
{"SyncEnd":{"id":4540298050517425206,"ts":{"secs":0,"nanos":134434237}}}
{"SyncStart":{"name":"fstat","id":1574127541321076677,"parent_id":7772343853498352418,"ts":{"secs":0,"nanos":134495639},"metadata":null}}
{"SyncEnd":{"id":1574127541321076677,"ts":{"secs":0,"nanos":134518689}}}
{"SyncStart":{"name":"get_xattr","id":7654607429643973597,"parent_id":7772343853498352418,"ts":{"secs":0,"nanos":134594443},"metadata":null}}
{"SyncEnd":{"id":7654607429643973597,"ts":{"secs":0,"nanos":134618559}}}
{"SyncStart":{"name":"fstat","id":14820517360685070476,"parent_id":7772343853498352418,"ts":{"secs":0,"nanos":134685726},"metadata":null}}
{"SyncEnd":{"id":14820517360685070476,"ts":{"secs":0,"nanos":134711313}}}
{"SyncStart":{"name":"list_xattrs","id":1476204486527353916,"parent_id":7772343853498352418,"ts":{"secs":0,"nanos":134780583},"metadata":null}}
{"SyncEnd":{"id":1476204486527353916,"ts":{"secs":0,"nanos":134816416}}}
{"SyncStart":{"name":"fstat","id":4243129933913578782,"parent_id":7772343853498352418,"ts":{"secs":0,"nanos":134869850},"metadata":null}}
{"SyncEnd":{"id":4243129933913578782,"ts":{"secs":0,"nanos":134901203}}}
{"SyncStart":{"name":"get_xattr","id":9671277854471315291,"parent_id":7772343853498352418,"ts":{"secs":0,"nanos":134944721},"metadata":null}}
{"SyncEnd":{"id":9671277854471315291,"ts":{"secs":0,"nanos":134954194}}}
{"SyncStart":{"name":"fstat","id":15477714467719012888,"parent_id":7772343853498352418,"ts":{"secs":0,"nanos":134995367},"metadata":null}}
{"SyncEnd":{"id":15477714467719012888,"ts":{"secs":0,"nanos":135025393}}}
{"SyncStart":{"name":"get_xattr","id":13168360804769374698,"parent_id":7772343853498352418,"ts":{"secs":0,"nanos":135053926},"metadata":null}}
{"SyncEnd":{"id":13168360804769374698,"ts":{"secs":0,"nanos":135071361}}}
{"SyncStart":{"name":"fstat","id":4551982391888479178,"parent_id":7772343853498352418,"ts":{"secs":0,"nanos":135104596},"metadata":null}}
{"SyncEnd":{"id":4551982391888479178,"ts":{"secs":0,"nanos":135136041}}}
{"SyncStart":{"name":"get_xattr","id":7527413244404193455,"parent_id":7772343853498352418,"ts":{"secs":0,"nanos":135170046},"metadata":null}}
{"SyncEnd":{"id":7527413244404193455,"ts":{"secs":0,"nanos":135193924}}}
{"SyncStart":{"name":"list_xattrs","id":13051103338643179379,"parent_id":7772343853498352418,"ts":{"secs":0,"nanos":135243036},"metadata":null}}
{"SyncEnd":{"id":13051103338643179379,"ts":{"secs":0,"nanos":135278197}}}
{"ThreadEnd":{"id":7772343853498352418,"ts":{"secs":0,"nanos":136662664}}}
{"ThreadEnd":{"id":11955987223281671509,"ts":{"secs":0,"nanos":136816027}}}
{"ThreadEnd":{"id":288456693861981510,"ts":{"secs":0,"nanos":136840461}}}
{"ThreadEnd":{"id":12907305454050965227,"ts":{"secs":0,"nanos":136851769}}}
{"ThreadEnd":{"id":5710206713448568794,"ts":{"secs":0,"nanos":136907931}}}
